# JRE version: Java(TM) SE Runtime Environment (8.0_271-b09) (build 1.8.0_271-b09)
# Java VM: Java HotSpot(TM) 64-Bit Server VM (25.271-b09 mixed mode windows-amd64 compressed oops)
Heap:
 PSYoungGen      total 134656K, used 0K [0x00000000d5580000, 0x00000000df600000, 0x0000000100000000)
  eden space 121344K, 0% used [0x00000000d5580000,0x00000000d5580000,0x00000000dcc00000)
  from space 13312K, 0% used [0x00000000dcc00000,0x00000000dcc00000,0x00000000dd900000)
  to   space 18432K, 0% used [0x00000000de400000,0x00000000de400000,0x00000000df600000)
 ParOldGen       total 65536K, used 30367K [0x0000000080000000, 0x0000000084000000, 0x00000000d5580000)
  object space 65536K, 46% used [0x0000000080000000,0x0000000081da7f08,0x0000000084000000)
 Metaspace       used 56948K, capacity 59193K, committed 59392K, reserved 1112064K
  class space    used 7671K, capacity 8143K, committed 8192K, reserved 1048576K
GC Heap History (10 events):
Event: 12.656 GC heap before
{Heap before GC invocations=13 (full 2):
 PSYoungGen      total 125952K, used 125928K [0x00000000d5580000, 0x00000000df900000, 0x0000000100000000)
  eden space 121344K, 100% used [0x00000000d5580000,0x00000000dcc00000,0x00000000dcc00000)
  from space 4608K, 99% used [0x00000000dd900000,0x00000000ddd7a0f0,0x00000000ddd80000)
  to   space 13312K, 0% used [0x00000000dcc00000,0x00000000dcc00000,0x00000000dd900000)
 ParOldGen       total 65536K, used 24234K [0x0000000080000000, 0x0000000084000000, 0x00000000d5580000)
  object space 65536K, 36% used [0x0000000080000000,0x00000000817aabc8,0x0000000084000000)
 Metaspace       used 49163K, capacity 51326K, committed 51712K, reserved 1093632K
  class space    used 6682K, capacity 7075K, committed 7168K, reserved 1048576K
Event: 12.694 GC heap after
Heap after GC invocations=13 (full 2):
 PSYoungGen      total 134656K, used 13303K [0x00000000d5580000, 0x00000000df900000, 0x0000000100000000)
  eden space 121344K, 0% used [0x00000000d5580000,0x00000000d5580000,0x00000000dcc00000)
  from space 13312K, 99% used [0x00000000dcc00000,0x00000000dd8fdc70,0x00000000dd900000)
  to   space 4608K, 0% used [0x00000000dd900000,0x00000000dd900000,0x00000000ddd80000)
 ParOldGen       total 65536K, used 26317K [0x0000000080000000, 0x0000000084000000, 0x00000000d5580000)
  object space 65536K, 40% used [0x0000000080000000,0x00000000819b37a0,0x0000000084000000)
 Metaspace       used 49163K, capacity 51326K, committed 51712K, reserved 1093632K
  class space    used 6682K, capacity 7075K, committed 7168K, reserved 1048576K
}
Event: 13.779 GC heap before
{Heap before GC invocations=14 (full 2):
 PSYoungGen      total 134656K, used 78346K [0x00000000d5580000, 0x00000000df900000, 0x0000000100000000)
  eden space 121344K, 53% used [0x00000000d5580000,0x00000000d9504d88,0x00000000dcc00000)
  from space 13312K, 99% used [0x00000000dcc00000,0x00000000dd8fdc70,0x00000000dd900000)
  to   space 4608K, 0% used [0x00000000dd900000,0x00000000dd900000,0x00000000ddd80000)
 ParOldGen       total 65536K, used 26317K [0x0000000080000000, 0x0000000084000000, 0x00000000d5580000)
  object space 65536K, 40% used [0x0000000080000000,0x00000000819b37a0,0x0000000084000000)
 Metaspace       used 54903K, capacity 57122K, committed 57344K, reserved 1103872K
  class space    used 7392K, capacity 7815K, committed 7936K, reserved 1048576K
Event: 13.799 GC heap after
Heap after GC invocations=14 (full 2):
 PSYoungGen      total 125952K, used 4608K [0x00000000d5580000, 0x00000000df900000, 0x0000000100000000)
  eden space 121344K, 0% used [0x00000000d5580000,0x00000000d5580000,0x00000000dcc00000)
  from space 4608K, 100% used [0x00000000dd900000,0x00000000ddd80000,0x00000000ddd80000)
  to   space 13312K, 0% used [0x00000000dcc00000,0x00000000dcc00000,0x00000000dd900000)
 ParOldGen       total 65536K, used 38263K [0x0000000080000000, 0x0000000084000000, 0x00000000d5580000)
  object space 65536K, 58% used [0x0000000080000000,0x000000008255dc78,0x0000000084000000)
 Metaspace       used 54903K, capacity 57122K, committed 57344K, reserved 1103872K
  class space    used 7392K, capacity 7815K, committed 7936K, reserved 1048576K
}
Event: 13.799 GC heap before
{Heap before GC invocations=15 (full 3):
 PSYoungGen      total 125952K, used 4608K [0x00000000d5580000, 0x00000000df900000, 0x0000000100000000)
  eden space 121344K, 0% used [0x00000000d5580000,0x00000000d5580000,0x00000000dcc00000)
  from space 4608K, 100% used [0x00000000dd900000,0x00000000ddd80000,0x00000000ddd80000)
  to   space 13312K, 0% used [0x00000000dcc00000,0x00000000dcc00000,0x00000000dd900000)
 ParOldGen       total 65536K, used 38263K [0x0000000080000000, 0x0000000084000000, 0x00000000d5580000)
  object space 65536K, 58% used [0x0000000080000000,0x000000008255dc78,0x0000000084000000)
 Metaspace       used 54903K, capacity 57122K, committed 57344K, reserved 1103872K
  class space    used 7392K, capacity 7815K, committed 7936K, reserved 1048576K
Event: 13.974 GC heap after
Heap after GC invocations=15 (full 3):
 PSYoungGen      total 125952K, used 0K [0x00000000d5580000, 0x00000000df900000, 0x0000000100000000)
  eden space 121344K, 0% used [0x00000000d5580000,0x00000000d5580000,0x00000000dcc00000)
  from space 4608K, 0% used [0x00000000dd900000,0x00000000dd900000,0x00000000ddd80000)
  to   space 13312K, 0% used [0x00000000dcc00000,0x00000000dcc00000,0x00000000dd900000)
 ParOldGen       total 65536K, used 34387K [0x0000000080000000, 0x0000000084000000, 0x00000000d5580000)
  object space 65536K, 52% used [0x0000000080000000,0x0000000082194d08,0x0000000084000000)
 Metaspace       used 54835K, capacity 56946K, committed 57344K, reserved 1101824K
  class space    used 7374K, capacity 7791K, committed 7936K, reserved 1048576K
}
Event: 14.499 GC heap before
{Heap before GC invocations=16 (full 3):
 PSYoungGen      total 125952K, used 36891K [0x00000000d5580000, 0x00000000df900000, 0x0000000100000000)
  eden space 121344K, 30% used [0x00000000d5580000,0x00000000d7986df0,0x00000000dcc00000)
  from space 4608K, 0% used [0x00000000dd900000,0x00000000dd900000,0x00000000ddd80000)
  to   space 13312K, 0% used [0x00000000dcc00000,0x00000000dcc00000,0x00000000dd900000)
 ParOldGen       total 65536K, used 34387K [0x0000000080000000, 0x0000000084000000, 0x00000000d5580000)
  object space 65536K, 52% used [0x0000000080000000,0x0000000082194d08,0x0000000084000000)
 Metaspace       used 56654K, capacity 58905K, committed 59136K, reserved 1107968K
  class space    used 7636K, capacity 8111K, committed 8192K, reserved 1048576K
Event: 14.505 GC heap after
Heap after GC invocations=16 (full 3):
 PSYoungGen      total 134656K, used 4568K [0x00000000d5580000, 0x00000000df900000, 0x0000000100000000)
  eden space 121344K, 0% used [0x00000000d5580000,0x00000000d5580000,0x00000000dcc00000)
  from space 13312K, 34% used [0x00000000dcc00000,0x00000000dd076070,0x00000000dd900000)
  to   space 4608K, 0% used [0x00000000dd900000,0x00000000dd900000,0x00000000ddd80000)
 ParOldGen       total 65536K, used 34459K [0x0000000080000000, 0x0000000084000000, 0x00000000d5580000)
  object space 65536K, 52% used [0x0000000080000000,0x00000000821a6d18,0x0000000084000000)
 Metaspace       used 56654K, capacity 58905K, committed 59136K, reserved 1107968K
  class space    used 7636K, capacity 8111K, committed 8192K, reserved 1048576K
}
Event: 14.505 GC heap before
{Heap before GC invocations=17 (full 4):
 PSYoungGen      total 134656K, used 4568K [0x00000000d5580000, 0x00000000df900000, 0x0000000100000000)
  eden space 121344K, 0% used [0x00000000d5580000,0x00000000d5580000,0x00000000dcc00000)
  from space 13312K, 34% used [0x00000000dcc00000,0x00000000dd076070,0x00000000dd900000)
  to   space 4608K, 0% used [0x00000000dd900000,0x00000000dd900000,0x00000000ddd80000)
 ParOldGen       total 65536K, used 34459K [0x0000000080000000, 0x0000000084000000, 0x00000000d5580000)
  object space 65536K, 52% used [0x0000000080000000,0x00000000821a6d18,0x0000000084000000)
 Metaspace       used 56654K, capacity 58905K, committed 59136K, reserved 1107968K
  class space    used 7636K, capacity 8111K, committed 8192K, reserved 1048576K
Event: 14.608 GC heap after
Heap after GC invocations=17 (full 4):
 PSYoungGen      total 134656K, used 0K [0x00000000d5580000, 0x00000000df900000, 0x0000000100000000)
  eden space 121344K, 0% used [0x00000000d5580000,0x00000000d5580000,0x00000000dcc00000)
  from space 13312K, 0% used [0x00000000dcc00000,0x00000000dcc00000,0x00000000dd900000)
  to   space 4608K, 0% used [0x00000000dd900000,0x00000000dd900000,0x00000000ddd80000)
 ParOldGen       total 65536K, used 31253K [0x0000000080000000, 0x0000000084000000, 0x00000000d5580000)
  object space 65536K, 47% used [0x0000000080000000,0x0000000081e856d0,0x0000000084000000)
 Metaspace       used 56654K, capacity 58905K, committed 59136K, reserved 1105920K
  class space    used 7636K, capacity 8111K, committed 8192K, reserved 1048576K
}

